[html.xpressbuddy.com/kinter/index.html]
[backblue.gif]
[fade.gif]
[index.html]
[html.xpressbuddy.com/kinter/assets/img/favicon.png]
[html.xpressbuddy.com/kinter/assets/css/bootstrap.min.css]
[html.xpressbuddy.com/kinter/assets/css/fontawesome.css]
[html.xpressbuddy.com/kinter/assets/css/animate.min.css]
[html.xpressbuddy.com/kinter/assets/css/owl.carousel.min.css]
[html.xpressbuddy.com/kinter/assets/css/magnific-popup.css]
[html.xpressbuddy.com/kinter/assets/css/swiper.min.css]
[html.xpressbuddy.com/kinter/assets/css/meanmenu.css]
[html.xpressbuddy.com/kinter/assets/css/jquery-ui.css]
[html.xpressbuddy.com/kinter/assets/css/uikit.min.css]
[html.xpressbuddy.com/kinter/assets/css/odometer.css]
[html.xpressbuddy.com/kinter/assets/css/common.css]
[html.xpressbuddy.com/kinter/assets/css/style.css]
[html.xpressbuddy.com/kinter/assets/css/responsive.css]
[html.xpressbuddy.com/kinter/assets/img/logo/logo.png]
[html.xpressbuddy.com/kinter/about.html]
[html.xpressbuddy.com/kinter/teachers.html]
[html.xpressbuddy.com/kinter/teacher-single.html]
[html.xpressbuddy.com/kinter/classes.html]
[html.xpressbuddy.com/kinter/class-single.html]
[html.xpressbuddy.com/kinter/shop.html]
[html.xpressbuddy.com/kinter/shop-single.html]
[html.xpressbuddy.com/kinter/cart.html]
[html.xpressbuddy.com/kinter/checkout.html]
[html.xpressbuddy.com/kinter/blog.html]
[html.xpressbuddy.com/kinter/blog-details.html]
[html.xpressbuddy.com/kinter/contact.html]
[html.xpressbuddy.com/kinter/assets/img/slider/slide-01.jpg]
[html.xpressbuddy.com/kinter/assets/img/slider/slide-02.jpg]
[html.xpressbuddy.com/kinter/assets/img/slider/slide-03.jpg]
[html.xpressbuddy.com/kinter/assets/img/icon/f-icon-1.png]
[html.xpressbuddy.com/kinter/assets/img/icon/f-icon-2.png]
[html.xpressbuddy.com/kinter/assets/img/icon/f-icon-3.png]
[html.xpressbuddy.com/kinter/assets/img/icon/f-icon-4.png]
[html.xpressbuddy.com/kinter/assets/img/about/about.png]
[html.xpressbuddy.com/kinter/assets/img/class/class-1.jpg]
[html.xpressbuddy.com/kinter/assets/img/class/class-2.jpg]
[html.xpressbuddy.com/kinter/assets/img/class/class-3.jpg]
[html.xpressbuddy.com/kinter/assets/img/icon/c-icon1.png]
[html.xpressbuddy.com/kinter/assets/img/icon/c-icon2.png]
[html.xpressbuddy.com/kinter/assets/img/icon/c-icon3.png]
[html.xpressbuddy.com/kinter/assets/img/icon/c-icon4.png]
[html.xpressbuddy.com/kinter/assets/img/portfolio/port01.jpg]
[html.xpressbuddy.com/kinter/assets/img/portfolio/port02.jpg]
[html.xpressbuddy.com/kinter/assets/img/portfolio/port03.jpg]
[html.xpressbuddy.com/kinter/assets/img/portfolio/port04.jpg]
[html.xpressbuddy.com/kinter/assets/img/portfolio/port05.jpg]
[html.xpressbuddy.com/kinter/assets/img/portfolio/port06.jpg]
[html.xpressbuddy.com/kinter/assets/img/blog/blog-01.jpg]
[html.xpressbuddy.com/kinter/assets/img/blog/blog-02.jpg]
[html.xpressbuddy.com/kinter/assets/img/blog/blog-03.jpg]
[html.xpressbuddy.com/kinter/assets/img/brand/brand-01.jpg]
[html.xpressbuddy.com/kinter/assets/img/brand/brand-02.jpg]
[html.xpressbuddy.com/kinter/assets/img/brand/brand-03.jpg]
[html.xpressbuddy.com/kinter/assets/img/brand/brand-04.jpg]
[html.xpressbuddy.com/kinter/assets/img/brand/brand-05.jpg]
[html.xpressbuddy.com/kinter/assets/img/bg/footer-bg.jpg]
[html.xpressbuddy.com/kinter/assets/img/icon/ft01.png]
[html.xpressbuddy.com/kinter/assets/img/icon/ft02.png]
[html.xpressbuddy.com/kinter/assets/img/icon/ft03.png]
[html.xpressbuddy.com/kinter/assets/img/blog/footer-post/footer-post01.jpg]
[html.xpressbuddy.com/kinter/assets/img/blog/footer-post/footer-post02.jpg]
[html.xpressbuddy.com/kinter/assets/js/jquery-3.5.1.min.js]
[html.xpressbuddy.com/kinter/assets/js/bootstrap.bundle.min.js]
[html.xpressbuddy.com/kinter/assets/js/owl.carousel.min.js]
[html.xpressbuddy.com/kinter/assets/js/jquery.meanmenu.min.js]
[html.xpressbuddy.com/kinter/assets/js/jqueryui.js]
[html.xpressbuddy.com/kinter/assets/js/touchspin.js]
[html.xpressbuddy.com/kinter/assets/js/isotope.pkgd.min.js]
[html.xpressbuddy.com/kinter/assets/js/odometer.min.js]
[html.xpressbuddy.com/kinter/assets/js/uikit.min.js]
[html.xpressbuddy.com/kinter/assets/js/jquery.appear.js]
[html.xpressbuddy.com/kinter/assets/js/swiper.min.js]
[html.xpressbuddy.com/kinter/assets/js/backToTop.js]
[html.xpressbuddy.com/kinter/assets/js/imagesloaded.pkgd.min.js]
[html.xpressbuddy.com/kinter/assets/js/jquery.magnific-popup.min.js]
[html.xpressbuddy.com/kinter/index.html]
[html.xpressbuddy.com/kinter/assets/js/main.js]
[html.xpressbuddy.com/kinter/assets/css/bootstrap.min.css]
[html.xpressbuddy.com/kinter/assets/fonts/fa-brands-400.ttf]
[html.xpressbuddy.com/kinter/assets/fonts/fa-light-300.ttf]
[html.xpressbuddy.com/kinter/assets/fonts/fa-regular-400.ttf]
[html.xpressbuddy.com/kinter/assets/css/fontawesome.css]
[html.xpressbuddy.com/kinter/assets/css/animate.min.css]
[html.xpressbuddy.com/kinter/assets/css/owl.video.play.png]
[html.xpressbuddy.com/kinter/assets/css/owl.carousel.min.css]
[html.xpressbuddy.com/kinter/assets/css/magnific-popup.css]
[html.xpressbuddy.com/kinter/assets/css/swiper.min.css]
[html.xpressbuddy.com/kinter/assets/css/meanmenu.css]
[html.xpressbuddy.com/kinter/assets/fonts/fa-solid-900.ttf]
[html.xpressbuddy.com/kinter/assets/css/images/ui-icons_444444_256x240.png]
[html.xpressbuddy.com/kinter/assets/css/images/ui-icons_555555_256x240.png]
[html.xpressbuddy.com/kinter/assets/css/images/ui-icons_ffffff_256x240.png]
[html.xpressbuddy.com/kinter/assets/css/images/ui-icons_777620_256x240.png]
[html.xpressbuddy.com/kinter/assets/css/images/ui-icons_cc0000_256x240.png]
[html.xpressbuddy.com/kinter/assets/css/images/ui-icons_777777_256x240.png]
[html.xpressbuddy.com/kinter/assets/css/jquery-ui.css]
[html.xpressbuddy.com/kinter/assets/css/uikit.min.css]
[html.xpressbuddy.com/kinter/assets/css/odometer.css]
[html.xpressbuddy.com/kinter/assets/css/common.css]
[html.xpressbuddy.com/kinter/assets/img/icon/select-arrow.png]
[html.xpressbuddy.com/kinter/assets/img/shape/section-notch-top.png]
[html.xpressbuddy.com/kinter/assets/img/shape/section-notch-bottom.png]
[html.xpressbuddy.com/kinter/assets/img/shape/sf-bg.png]
[html.xpressbuddy.com/kinter/assets/img/portfolio/menu-icon.jpg]
[html.xpressbuddy.com/kinter/assets/css/style.css]
[html.xpressbuddy.com/kinter/assets/css/responsive.css]
[html.xpressbuddy.com/kinter/assets/img/bg/page-title-bg.jpg]
[html.xpressbuddy.com/kinter/assets/img/about/about-02.jpg]
[html.xpressbuddy.com/kinter/assets/img/video/img-01.jpg]
[html.xpressbuddy.com/kinter/about.html]
[html.xpressbuddy.com/kinter/assets/img/teacher/img-01.jpg]
[html.xpressbuddy.com/kinter/assets/img/teacher/img-02.jpg]
[html.xpressbuddy.com/kinter/assets/img/teacher/img-03.jpg]
[html.xpressbuddy.com/kinter/assets/img/teacher/img-04.jpg]
[html.xpressbuddy.com/kinter/assets/img/teacher/img-05.jpg]
[html.xpressbuddy.com/kinter/assets/img/teacher/img-06.jpg]
[html.xpressbuddy.com/kinter/assets/img/teacher/img-07.jpg]
[html.xpressbuddy.com/kinter/assets/img/teacher/img-08.jpg]
[html.xpressbuddy.com/kinter/teachers.html]
[html.xpressbuddy.com/kinter/assets/img/teacher/img-09.jpg]
[html.xpressbuddy.com/kinter/assets/img/teacher/img-10.jpg]
[html.xpressbuddy.com/kinter/assets/img/teacher/img-11.jpg]
[html.xpressbuddy.com/kinter/teacher-single.html]
[html.xpressbuddy.com/kinter/assets/img/class/class-4.jpg]
[html.xpressbuddy.com/kinter/assets/img/class/class-5.jpg]
[html.xpressbuddy.com/kinter/assets/img/class/class-6.jpg]
[html.xpressbuddy.com/kinter/classes.html]
[html.xpressbuddy.com/kinter/assets/img/class/class-7.jpg]
[html.xpressbuddy.com/kinter/assets/img/class/class-8.jpg]
[html.xpressbuddy.com/kinter/assets/img/class/class-9.jpg]
[html.xpressbuddy.com/kinter/assets/img/blog/blog-widget/widget-post01.jpg]
[html.xpressbuddy.com/kinter/assets/img/blog/blog-widget/widget-post02.jpg]
[html.xpressbuddy.com/kinter/assets/img/blog/blog-widget/widget-post03.jpg]
[html.xpressbuddy.com/kinter/assets/img/blog/blog-widget/widget-post04.jpg]
[html.xpressbuddy.com/kinter/class-single.html]
[html.xpressbuddy.com/kinter/assets/img/shop/img-1.jpg]
[html.xpressbuddy.com/kinter/assets/img/shop/img-2.jpg]
[html.xpressbuddy.com/kinter/assets/img/shop/img-3.jpg]
[html.xpressbuddy.com/kinter/assets/img/shop/img-4.jpg]
[html.xpressbuddy.com/kinter/assets/img/shop/img-5.jpg]
[html.xpressbuddy.com/kinter/assets/img/shop/img-6.jpg]
[html.xpressbuddy.com/kinter/assets/img/shop/img-7.jpg]
[html.xpressbuddy.com/kinter/assets/img/shop/img-8.jpg]
[html.xpressbuddy.com/kinter/assets/img/shop/img-9.jpg]
[html.xpressbuddy.com/kinter/shop.html]
[html.xpressbuddy.com/kinter/assets/img/shop/review/img-1.jpg]
[html.xpressbuddy.com/kinter/assets/img/shop/review/img-2.jpg]
[html.xpressbuddy.com/kinter/assets/img/shop/review/img-3.jpg]
[html.xpressbuddy.com/kinter/shop-single.html]
[html.xpressbuddy.com/kinter/cart.html]
[html.xpressbuddy.com/kinter/assets/img/shop/paypal.png]
[html.xpressbuddy.com/kinter/checkout.html]
[html.xpressbuddy.com/kinter/assets/img/blog/blog01.jpg]
[html.xpressbuddy.com/kinter/assets/img/blog/blog02.jpg]
[html.xpressbuddy.com/kinter/assets/img/blog/blog03.jpg]
[html.xpressbuddy.com/kinter/blog.html]
[html.xpressbuddy.com/kinter/assets/img/blog/comment01.png]
[html.xpressbuddy.com/kinter/assets/img/blog/comment02.png]
[html.xpressbuddy.com/kinter/blog-details.html]
[html.xpressbuddy.com/kinter/contact.html]
[html.xpressbuddy.com/kinter/assets/js/jquery-3.5.1.min.js]
[html.xpressbuddy.com/kinter/assets/js/bootstrap.bundle.min.js]
[html.xpressbuddy.com/kinter/assets/js/owl.carousel.min.js]
[html.xpressbuddy.com/kinter/assets/js/jquery.meanmenu.min.js]
[html.xpressbuddy.com/kinter/assets/js/jqueryui.js]
[html.xpressbuddy.com/kinter/assets/js/touchspin.js]
[html.xpressbuddy.com/kinter/assets/js/isotope.pkgd.min.js]
[html.xpressbuddy.com/kinter/assets/js/odometer.min.js]
[html.xpressbuddy.com/kinter/assets/js/uikit.min.js]
[html.xpressbuddy.com/kinter/assets/js/jquery.appear.js]
[html.xpressbuddy.com/kinter/assets/js/swiper.min.js]
[html.xpressbuddy.com/kinter/assets/js/backToTop.js]
[html.xpressbuddy.com/kinter/assets/js/imagesloaded.pkgd.min.js]
[html.xpressbuddy.com/kinter/assets/js/jquery.magnific-popup.min.js]
[html.xpressbuddy.com/kinter/assets/js/main.js]
[html.xpressbuddy.com/kinter/assets/css/owl.video.play.html]
[html.xpressbuddy.com/kinter/assets/css/images/ui-icons_444444_256x240.html]
[html.xpressbuddy.com/kinter/assets/css/images/ui-icons_555555_256x240.html]
[html.xpressbuddy.com/kinter/assets/css/images/ui-icons_ffffff_256x240.html]
[html.xpressbuddy.com/kinter/assets/css/images/ui-icons_777620_256x240.html]
[html.xpressbuddy.com/kinter/assets/css/images/ui-icons_cc0000_256x240.html]
[html.xpressbuddy.com/kinter/assets/css/images/ui-icons_777777_256x240.html]
[html.xpressbuddy.com/kinter/Version/index.html]
[html.xpressbuddy.com/kinter/Version/index.html]
[html.xpressbuddy.com/kinter/version/index-2.html]
[html.xpressbuddy.com/kinter/version/index-2.html]
